----------

Thu Nov 26 2020 15:30:59 GMT+0200 (Eastern European Standard Time)

The process cannot access the file because it is being used by another process.


----------

Thu Nov 26 2020 15:30:59 GMT+0200 (Eastern European Standard Time)

A duplicate file name exists, or the file
cannot be found.


----------

Thu Nov 26 2020 15:30:59 GMT+0200 (Eastern European Standard Time)

The process cannot access the file because it is being used by another process.


----------

Thu Nov 26 2020 15:30:59 GMT+0200 (Eastern European Standard Time)

The process tried to write to a nonexistent pipe.


----------

Thu Nov 26 2020 15:30:59 GMT+0200 (Eastern European Standard Time)

The process cannot access the file because it is being used by another process.


----------

Thu Nov 26 2020 15:31:00 GMT+0200 (Eastern European Standard Time)

H:\xampp\htdocs\almalekaalaqarea\findrepl.bat(318, 1) Microsoft JScript runtime error: Permission denied



----------

Thu Nov 26 2020 15:31:00 GMT+0200 (Eastern European Standard Time)

The process tried to write to a nonexistent pipe.


----------

Thu Nov 26 2020 15:31:01 GMT+0200 (Eastern European Standard Time)

H:\xampp\htdocs\almalekaalaqarea\findrepl.bat(318, 1) Microsoft JScript runtime error: Permission denied



----------

Thu Nov 26 2020 15:31:01 GMT+0200 (Eastern European Standard Time)

Access is denied.


----------

Thu Nov 26 2020 15:31:01 GMT+0200 (Eastern European Standard Time)

H:\xampp\htdocs\almalekaalaqarea\findrepl.bat(318, 1) Microsoft JScript runtime error: Permission denied



----------

Thu Nov 26 2020 15:31:01 GMT+0200 (Eastern European Standard Time)

The process tried to write to a nonexistent pipe.


----------

Thu Nov 26 2020 15:31:01 GMT+0200 (Eastern European Standard Time)

The system cannot find the path specified.


----------

Thu Nov 26 2020 15:31:01 GMT+0200 (Eastern European Standard Time)

The system cannot find the file specified.


----------

Thu Nov 26 2020 15:31:01 GMT+0200 (Eastern European Standard Time)

H:\xampp\htdocs\almalekaalaqarea\findrepl.bat(318, 1) Microsoft JScript runtime error: Permission denied



----------

Thu Nov 26 2020 15:31:01 GMT+0200 (Eastern European Standard Time)

The system cannot find the path specified.


----------

Thu Nov 26 2020 15:31:01 GMT+0200 (Eastern European Standard Time)

The system cannot find the file specified.


----------

Thu Nov 26 2020 15:31:01 GMT+0200 (Eastern European Standard Time)

H:\xampp\htdocs\almalekaalaqarea\findrepl.bat(318, 1) Microsoft JScript runtime error: Permission denied



----------

Thu Nov 26 2020 15:31:01 GMT+0200 (Eastern European Standard Time)

The system cannot find the file specified.


----------

Thu Nov 26 2020 15:31:01 GMT+0200 (Eastern European Standard Time)

H:\xampp\htdocs\almalekaalaqarea\findrepl.bat(318, 1) Microsoft JScript runtime error: Permission denied



----------

Thu Nov 26 2020 15:31:01 GMT+0200 (Eastern European Standard Time)

H:\xampp\htdocs\almalekaalaqarea\findrepl.bat(784, 4) Microsoft JScript runtime error: Input past end of file



----------

Thu Nov 26 2020 15:31:02 GMT+0200 (Eastern European Standard Time)

The system cannot find the file specified.


----------

Thu Nov 26 2020 15:31:02 GMT+0200 (Eastern European Standard Time)

H:\xampp\htdocs\almalekaalaqarea\findrepl.bat(318, 1) Microsoft JScript runtime error: Permission denied



----------

Thu Nov 26 2020 15:31:02 GMT+0200 (Eastern European Standard Time)

H:\xampp\htdocs\almalekaalaqarea\findrepl.bat(784, 4) Microsoft JScript runtime error: Input past end of file



----------

Thu Nov 26 2020 15:31:02 GMT+0200 (Eastern European Standard Time)

The system cannot find the file specified.


----------

Thu Nov 26 2020 15:31:02 GMT+0200 (Eastern European Standard Time)

H:\xampp\htdocs\almalekaalaqarea\findrepl.bat(318, 1) Microsoft JScript runtime error: Permission denied



----------

Thu Nov 26 2020 15:31:02 GMT+0200 (Eastern European Standard Time)

H:\xampp\htdocs\almalekaalaqarea\findrepl.bat(784, 4) Microsoft JScript runtime error: Input past end of file



----------

Thu Nov 26 2020 15:31:02 GMT+0200 (Eastern European Standard Time)

H:\xampp\htdocs\almalekaalaqarea\findrepl.bat(784, 4) Microsoft JScript runtime error: Input past end of file



